[19Dec2024 00:00:19.153] [Server thread/INFO] [net.minecraft.server.MinecraftServer/]: B3njaxx_11 has made the advancement [I think we have a problem ?!]
[19Dec2024 00:00:24.830] [Server thread/INFO] [net.minecraft.server.MinecraftServer/]: [B3njaxx_11: Set own game mode to Creative Mode]
[19Dec2024 00:00:38.270] [Server thread/INFO] [net.minecraft.server.MinecraftServer/]: [B3njaxx_11: Set own game mode to Spectator Mode]
[19Dec2024 00:00:42.883] [Server thread/INFO] [net.minecraft.server.MinecraftServer/]: [B3njaxx_11: Set own game mode to Creative Mode]
[19Dec2024 00:00:55.016] [Server thread/INFO] [net.minecraft.server.MinecraftServer/]: [B3njaxx_11: Set own game mode to Survival Mode]
[19Dec2024 00:00:57.980] [Server thread/INFO] [net.minecraft.server.MinecraftServer/]: B3njaxx_11 was slain by Infantryman of the legion
[19Dec2024 00:01:05.771] [Server thread/INFO] [net.minecraft.server.MinecraftServer/]: [B3njaxx_11: Set own game mode to Spectator Mode]
[19Dec2024 00:01:22.092] [Server thread/INFO] [net.minecraft.server.MinecraftServer/]: [B3njaxx_11: Teleported B3njaxx_11 to -301.500000, -0.500000, 836.500000]
[19Dec2024 00:01:25.613] [Server thread/INFO] [net.minecraft.server.MinecraftServer/]: [B3njaxx_11: Set own game mode to Creative Mode]
[19Dec2024 00:01:56.037] [Server thread/INFO] [net.minecraft.server.MinecraftServer/]: [B3njaxx_11: Set own game mode to Survival Mode]
[19Dec2024 00:02:24.402] [Server thread/INFO] [net.minecraft.server.MinecraftServer/]: B3njaxx_11 has made the advancement [Perfect Size ?]
[19Dec2024 00:05:39.617] [Server thread/INFO] [net.minecraft.server.MinecraftServer/]: [B3njaxx_11: Set own game mode to Spectator Mode]
[19Dec2024 00:05:48.777] [Server thread/INFO] [net.minecraft.server.MinecraftServer/]: B3njaxx_11 has made the advancement [Alex's Caves]
[19Dec2024 00:06:02.695] [Server thread/INFO] [net.minecraft.server.MinecraftServer/]: [B3njaxx_11: Set own game mode to Survival Mode]
[19Dec2024 00:06:53.698] [Server thread/INFO] [net.minecraft.server.MinecraftServer/]: B3njaxx_11 has made the advancement [It Belongs in a Museum]
[19Dec2024 00:06:58.609] [Server thread/INFO] [net.minecraft.server.MinecraftServer/]: B3njaxx_11 has made the advancement [Once Upon a Cave]
[19Dec2024 00:13:10.331] [Server thread/INFO] [net.minecraft.server.MinecraftServer/]: B3njaxx_11 has made the advancement [Diamonds!]
[19Dec2024 00:14:24.632] [Server thread/INFO] [net.minecraft.server.MinecraftServer/]: B3njaxx_11 tried to swim in lava
[19Dec2024 00:14:41.716] [Server thread/INFO] [net.minecraft.server.MinecraftServer/]: [B3njaxx_11: Set own game mode to Creative Mode]
[19Dec2024 00:15:01.693] [Server thread/INFO] [net.minecraft.server.MinecraftServer/]: [B3njaxx_11: Teleported B3njaxx_11 to -317.500000, -43.500000, 786.500000]
[19Dec2024 00:16:47.291] [Server thread/INFO] [net.minecraft.server.MinecraftServer/]: B3njaxx_11 has made the advancement [Suit Up]
[19Dec2024 00:17:01.842] [Server thread/INFO] [com.teampotato.redirector.Redirector/]: Redirecting mezz/jei/common/network/PacketIdClient
[19Dec2024 00:18:31.359] [Server thread/INFO] [net.minecraft.server.MinecraftServer/]: [B3njaxx_11: Set own game mode to Spectator Mode]
[19Dec2024 00:18:52.131] [Server thread/INFO] [com.teampotato.redirector.Redirector/]: Redirecting net/minecraft/commands/SharedSuggestionProvider$ElementSuggestionType
[19Dec2024 00:19:05.776] [Server thread/INFO] [com.teampotato.redirector.Redirector/]: Redirecting net/minecraft/world/level/levelgen/structure/StructureCheckResult
[19Dec2024 00:19:05.780] [Server thread/INFO] [net.minecraft.server.commands.LocateCommand/]: Locating element towns_and_towers:village_forest took 11 ms
[19Dec2024 00:19:11.630] [Server thread/INFO] [net.minecraft.server.MinecraftServer/]: [B3njaxx_11: Teleported B3njaxx_11 to 32.500000, -20.162689, 816.500000]
[19Dec2024 00:19:11.631] [Server thread/WARN] [net.minecraft.server.MinecraftServer/]: Can't keep up! Is the server overloaded? Running 3309ms or 66 ticks behind
[19Dec2024 00:20:16.565] [Server thread/INFO] [net.minecraft.server.commands.LocateCommand/]: Locating element minecraft:village_plains took 2602 ms
[19Dec2024 00:20:16.566] [Server thread/WARN] [net.minecraft.server.MinecraftServer/]: Can't keep up! Is the server overloaded? Running 2594ms or 51 ticks behind
[19Dec2024 00:20:21.444] [Worker-Main-2/WARN] [net.minecraft.world.level.levelgen.heightproviders.UniformHeight/]: Empty height range: [-33 absolute--50 absolute]
[19Dec2024 00:20:24.456] [Server thread/INFO] [net.minecraft.server.MinecraftServer/]: [B3njaxx_11: Teleported B3njaxx_11 to 720.500000, 77.337255, 1136.500000]
[19Dec2024 00:20:27.515] [Worker-Main-10/INFO] [com.teampotato.redirector.Redirector/]: Redirecting com/github/alexthe666/iceandfire/enums/EnumBestiaryPages
[19Dec2024 00:20:33.228] [Server thread/INFO] [com.teampotato.redirector.Redirector/]: Redirecting net/minecraft/world/entity/animal/IronGolem$Crackiness
[19Dec2024 00:20:44.281] [Server thread/INFO] [net.minecraft.server.MinecraftServer/]: B3njaxx_11 has made the advancement [What a Dungeon!]
[19Dec2024 00:21:22.798] [Server thread/INFO] [net.minecraft.server.MinecraftServer/]: [B3njaxx_11: Set own game mode to Creative Mode]
[19Dec2024 00:21:24.300] [Server thread/INFO] [net.minecraft.server.MinecraftServer/]: [B3njaxx_11: Set own game mode to Survival Mode]
[19Dec2024 00:21:48.189] [Server thread/INFO] [net.minecraft.server.MinecraftServer/]: B3njaxx_11 has made the advancement [Amateur Archaeologist]
[19Dec2024 00:22:53.764] [Server thread/WARN] [net.minecraft.server.MinecraftServer/]: Can't keep up! Is the server overloaded? Running 2242ms or 44 ticks behind
[19Dec2024 00:23:25.832] [Server thread/INFO] [net.minecraft.server.MinecraftServer/]: [B3njaxx_11: Set own game mode to Spectator Mode]
[19Dec2024 00:23:37.171] [Server thread/INFO] [net.minecraft.server.MinecraftServer/]: [B3njaxx_11: Set own game mode to Creative Mode]
[19Dec2024 00:24:18.780] [Server thread/WARN] [net.minecraft.server.MinecraftServer/]: Can't keep up! Is the server overloaded? Running 2008ms or 40 ticks behind
[19Dec2024 00:24:22.810] [Server thread/INFO] [com.teampotato.redirector.Redirector/]: Redirecting com/github/L_Ender/lionfishapi/server/animation/AnimationHandler
[19Dec2024 00:24:54.361] [Server thread/INFO] [net.minecraft.server.MinecraftServer/]: [B3njaxx_11: Set own game mode to Survival Mode]
[19Dec2024 00:24:56.313] [Server thread/INFO] [net.minecraft.server.MinecraftServer/]: B3njaxx_11 has made the advancement [Sweet Dreams]
[19Dec2024 00:26:04.918] [Server thread/INFO] [net.minecraft.world.entity.npc.Villager/]: Villager Villager['Unemployed'/11297, l='ServerLevel[world]', x=715.14, y=62.40, z=1060.89] died, message: 'Unemployed was slain by Zombie'
[19Dec2024 00:26:11.531] [Server thread/INFO] [net.minecraft.server.MinecraftServer/]: B3njaxx_11 has made the advancement [Monster Hunter]
[19Dec2024 00:26:12.731] [Server thread/INFO] [net.minecraft.server.MinecraftServer/]: [B3njaxx_11: Set own game mode to Creative Mode]
[19Dec2024 00:26:29.278] [Server thread/INFO] [com.teampotato.redirector.Redirector/]: Redirecting net/minecraft/network/chat/FilterMask$Type
[19Dec2024 00:26:29.330] [Server thread/INFO] [net.minecraft.server.MinecraftServer/]: [Not Secure] <B3njaxx_11> aa
[19Dec2024 00:27:00.301] [Server thread/INFO] [com.cosmicdan.sleepingoverhaul.SleepingOverhaul/]: Timelapse finished. Average TPS = 82.18254330585196; total time = 114.12399303699999 seconds; total ticks = 9379
[19Dec2024 00:27:19.792] [Server thread/INFO] [net.minecraft.server.MinecraftServer/]: [B3njaxx_11: Set own game mode to Survival Mode]
[19Dec2024 00:29:12.156] [Worker-Main-2/WARN] [net.minecraft.world.level.levelgen.structure.pools.JigsawPlacement/]: Empty or non-existent pool: duckensinvasion:duckenspanapticon_outside
[19Dec2024 00:29:12.162] [Worker-Main-2/WARN] [net.minecraft.world.level.levelgen.structure.pools.JigsawPlacement/]: Empty or non-existent pool: duckensinvasion:duckenspanapticon_outside
[19Dec2024 00:29:12.163] [Worker-Main-2/WARN] [net.minecraft.world.level.levelgen.structure.pools.JigsawPlacement/]: Empty or non-existent pool: duckensinvasion:duckenspanapticon_outside
[19Dec2024 00:29:12.163] [Worker-Main-2/WARN] [net.minecraft.world.level.levelgen.structure.pools.JigsawPlacement/]: Empty or non-existent pool: duckensinvasion:duckenspanapticon_inside1
[19Dec2024 00:29:12.163] [Worker-Main-2/WARN] [net.minecraft.world.level.levelgen.structure.pools.JigsawPlacement/]: Empty or non-existent pool: duckensinvasion:duckenspanapticon_outside
[19Dec2024 00:30:57.237] [Server thread/INFO] [net.minecraft.server.MinecraftServer/]: B3njaxx_11 has made the advancement [Overtrained?]
[19Dec2024 00:31:11.662] [Server thread/INFO] [net.minecraft.server.MinecraftServer/]: [B3njaxx_11: Set the time to 1000]
[19Dec2024 00:31:27.358] [Server thread/INFO] [net.minecraft.server.MinecraftServer/]: [B3njaxx_11: Set the time to 1000]
[19Dec2024 00:34:10.238] [Server thread/INFO] [com.cosmicdan.sleepingoverhaul.SleepingOverhaul/]: Timelapse finished. Average TPS = 162.83388636112142; total time = 138.21447429000003 seconds; total ticks = 22506
[19Dec2024 00:34:21.385] [Server thread/INFO] [net.minecraft.server.MinecraftServer/]: [B3njaxx_11: Set own game mode to Spectator Mode]
[19Dec2024 00:34:26.981] [Server thread/INFO] [net.minecraft.server.MinecraftServer/]: [B3njaxx_11: Set own game mode to Survival Mode]
